2026-03-03 11:41:55.365 INFO  [restartedMain] [] [c.e.dueltower.DuelTowerApplication] - Starting DuelTowerApplication using Java 17.0.16 with PID 14868 (C:\workspace-duel\duel-tower\out\production\classes started by dw-027 in C:\workspace-duel\duel-tower)
2026-03-03 11:41:55.369 DEBUG [restartedMain] [] [c.e.dueltower.DuelTowerApplication] - Running with Spring Boot v4.0.3, Spring v7.0.5
2026-03-03 11:41:55.370 INFO  [restartedMain] [] [c.e.dueltower.DuelTowerApplication] - No active profile set, falling back to 1 default profile: "default"
2026-03-03 11:41:55.576 INFO  [restartedMain] [] [o.s.b.d.e.DevToolsPropertyDefaultsPostProcessor] - Devtools property defaults active! Set 'spring.devtools.add-properties' to 'false' to disable
2026-03-03 11:41:55.577 INFO  [restartedMain] [] [o.s.b.d.e.DevToolsPropertyDefaultsPostProcessor] - For additional web related logging consider setting the 'logging.level.web' property to 'DEBUG'
2026-03-03 11:41:57.084 INFO  [restartedMain] [] [o.s.d.r.c.RepositoryConfigurationDelegate] - Bootstrapping Spring Data JPA repositories in DEFAULT mode.
2026-03-03 11:41:57.194 INFO  [restartedMain] [] [o.s.d.r.c.RepositoryConfigurationDelegate] - Finished Spring Data repository scanning in 97 ms. Found 2 JPA repository interfaces.
2026-03-03 11:41:58.573 INFO  [restartedMain] [] [o.s.boot.tomcat.TomcatWebServer] - Tomcat initialized with port 9009 (http)
2026-03-03 11:41:58.594 INFO  [restartedMain] [] [o.a.catalina.core.StandardService] - Starting service [Tomcat]
2026-03-03 11:41:58.595 INFO  [restartedMain] [] [o.a.catalina.core.StandardEngine] - Starting Servlet engine: [Apache Tomcat/11.0.18]
2026-03-03 11:41:58.667 INFO  [restartedMain] [] [o.s.b.w.c.s.WebApplicationContextInitializer] - Root WebApplicationContext: initialization completed in 3089 ms
2026-03-03 11:41:59.277 INFO  [restartedMain] [] [org.hibernate.orm.jpa] - HHH008540: Processing PersistenceUnitInfo [name: default]
2026-03-03 11:41:59.383 INFO  [restartedMain] [] [org.hibernate.orm.core] - HHH000001: Hibernate ORM core version 7.2.4.Final
2026-03-03 11:42:00.417 INFO  [restartedMain] [] [o.s.o.j.p.SpringPersistenceUnitInfo] - No LoadTimeWeaver setup: ignoring JPA class transformer
2026-03-03 11:42:00.649 INFO  [restartedMain] [] [com.zaxxer.hikari.HikariDataSource] - HikariPool-1 - Starting...
2026-03-03 11:42:00.793 INFO  [restartedMain] [] [com.zaxxer.hikari.pool.HikariPool] - HikariPool-1 - Added connection org.mariadb.jdbc.Connection@e211891
2026-03-03 11:42:00.796 INFO  [restartedMain] [] [com.zaxxer.hikari.HikariDataSource] - HikariPool-1 - Start completed.
2026-03-03 11:42:00.879 INFO  [restartedMain] [] [o.hibernate.orm.connections.pooling] - HHH10001005: Database info:
	Database JDBC URL [jdbc:mariadb://localhost/duel_tower?user=duelTowerUser&password=***]
	Database driver: MariaDB Connector/J
	Database dialect: MariaDBDialect
	Database version: 10.11.11
	Default catalog/schema: duel_tower/undefined
	Autocommit mode: undefined/unknown
	Isolation level: REPEATABLE_READ [default REPEATABLE_READ]
	JDBC fetch size: none
	Pool: DataSourceConnectionProvider
	Minimum pool size: undefined/unknown
	Maximum pool size: undefined/unknown
2026-03-03 11:42:02.617 INFO  [restartedMain] [] [org.hibernate.orm.core] - HHH000489: No JTA platform available (set 'hibernate.transaction.jta.platform' to enable JTA platform integration)
2026-03-03 11:42:02.793 DEBUG [restartedMain] [] [org.hibernate.SQL] - 
    alter table if exists decks 
       modify column type enum ('ENEMY','PLAYER') not null
2026-03-03 11:42:03.714 DEBUG [restartedMain] [] [org.hibernate.SQL] - 
    alter table if exists members 
       modify column role enum ('BANNED','MASTER','SUBMASTER','USER') not null
2026-03-03 11:42:05.243 INFO  [restartedMain] [] [o.s.o.j.LocalContainerEntityManagerFactoryBean] - Initialized JPA EntityManagerFactory for persistence unit 'default'
2026-03-03 11:42:05.391 INFO  [restartedMain] [] [o.s.d.j.r.q.QueryEnhancerFactories] - Hibernate is in classpath; If applicable, HQL parser will be used.
2026-03-03 11:42:06.270 INFO  [restartedMain] [] [o.s.s.c.a.a.c.InitializeUserDetailsBeanManagerConfigurer$InitializeUserDetailsManagerConfigurer] - Global AuthenticationManager configured with UserDetailsService bean with name userDetailsServiceImpl
2026-03-03 11:42:07.049 INFO  [restartedMain] [] [o.s.b.d.a.OptionalLiveReloadServer] - LiveReload server is running on port 35729
2026-03-03 11:42:07.216 INFO  [restartedMain] [] [o.s.boot.tomcat.TomcatWebServer] - Tomcat started on port 9009 (http) with context path '/'
2026-03-03 11:42:07.226 INFO  [restartedMain] [] [c.e.dueltower.DuelTowerApplication] - Started DuelTowerApplication in 13.793 seconds (process running for 21.796)
2026-03-03 11:42:07.234 INFO  [restartedMain] [] [c.e.dueltower.DuelTowerApplication] - 듀얼 타워 실행됨
2026-03-03 11:42:09.733 INFO  [SpringApplicationShutdownHook] [] [o.s.boot.tomcat.GracefulShutdown] - Commencing graceful shutdown. Waiting for active requests to complete
2026-03-03 11:42:09.757 INFO  [tomcat-shutdown] [] [o.s.boot.tomcat.GracefulShutdown] - Graceful shutdown complete
2026-03-03 11:42:09.761 INFO  [SpringApplicationShutdownHook] [] [o.s.o.j.LocalContainerEntityManagerFactoryBean] - Closing JPA EntityManagerFactory for persistence unit 'default'
2026-03-03 11:42:09.764 INFO  [SpringApplicationShutdownHook] [] [com.zaxxer.hikari.HikariDataSource] - HikariPool-1 - Shutdown initiated...
2026-03-03 11:42:09.768 INFO  [SpringApplicationShutdownHook] [] [com.zaxxer.hikari.HikariDataSource] - HikariPool-1 - Shutdown completed.
